D:/RU/Veiltrace/img/494676074_692523446713565_5302889079689387211_n.jpg
D:/RU/Veiltrace/img/495024411_3932705146945012_2585420725755772420_n.jpg
D:/RU/Veiltrace/img/498088567_3945051795710347_5987831292571340684_n.jpg
D:/RU/Veiltrace/img/52428003_2248497238699153_8774225788925902848_n.jpg
D:/RU/Veiltrace/img/65640450_2331821657033377_7327216268560302080_n.jpg
D:/RU/Veiltrace/img/81051609_156930415651406_5748390379359567872_n.jpg
D:/RU/Veiltrace/img/anime/462755828_8626250377455768_861756405227375058_n.jpg
D:/RU/Veiltrace/img/anime/486750313_18498767830043587_7182529900308035903_n.jpg
D:/RU/Veiltrace/img/anime/490354089_1248456763955973_6877416108534898587_n.jpg
D:/RU/Veiltrace/img/anime/493506367_3928448247370702_8595864156123566250_n.jpg
D:/RU/Veiltrace/img/anime/494769887_3935403216675205_9087116640221198401_n.jpg
D:/RU/Veiltrace/img/anime/497620017_3947063012175892_6960122078508885577_n.jpg
D:/RU/Veiltrace/img/B9E6A4D7-4E1A-4F3F-A6CF-14CC9D89C5C7.jpeg
D:/RU/Veiltrace/img/character/movie/1969 Братья Карамазовы 卡拉馬佐夫兄弟 1.ENG[13-14-54].JPG
D:/RU/Veiltrace/img/character/movie/1969 Братья Карамазовы 卡拉馬佐夫兄弟 1.ENG[13-16-44].JPG
D:/RU/Veiltrace/img/character/movie/496865622_3943660149182845_7329391829091412059_n.jpg
D:/RU/Veiltrace/img/character/tv/497574361_3946448932237300_8031121735465822464_n.jpg
D:/RU/Veiltrace/img/chin/474023466_569469062757044_5302525792611323615_n.jpg
D:/RU/Veiltrace/img/chin/527587234_1189012393270807_6724926622734966180_n.jpg
D:/RU/Veiltrace/img/chin/533169072_18478964293076724_1397772786771510137_n.jpg
D:/RU/Veiltrace/img/chin/539429830_767705962525439_1268665176191374100_n.jpg
D:/RU/Veiltrace/img/chin/540529247_1266229431969543_6471231527759108509_n.jpg
D:/RU/Veiltrace/img/girl/536281619_612079865310764_5532905428064483568_n.jpg
D:/RU/Veiltrace/img/girl/536964426_607339845784766_6493733290646294641_n.jpg
D:/RU/Veiltrace/img/girl/540465422_122186602898049038_5436479274366383358_n.jpg
D:/RU/Veiltrace/img/girl/540962689_610519578800126_6578041143279790769_n.jpg
D:/RU/Veiltrace/img/girl/541035531_4044229669125892_1247876541011149306_n.jpg
D:/RU/Veiltrace/img/girl/67403599_2887245344680388_5111451900503392256_o.jpg
D:/RU/Veiltrace/img/girl/67691214_10157841697569883_1285833936211017728_n.jpg
D:/RU/Veiltrace/img/nature/56418248_2275679465980930_6100858201945669632_n.jpg
D:/RU/Veiltrace/img/recipe/45730369_2189606887921522_7452045438569414656_n.jpg
D:/RU/Veiltrace/img/recipe/6A009D57-E906-45EB-A88F-BC2218F3B82A.jpeg
D:/RU/Veiltrace/img/recipe/70362537_2381890542026488_6812642198241148928_n.jpg
D:/RU/Veiltrace/img/recipe/70447452_2377595479122661_8271923608402526208_n.jpg
D:/RU/Veiltrace/img/recipe/E112810C-4F99-4100-8066-B96DC5240296.jpeg
D:/RU/Veiltrace/img/redis/Eviction-policies.JPG
D:/RU/Veiltrace/img/redis/The-Poison-Pill-Message.JPG
D:/RU/Veiltrace/img/redis/The-Redis-data-model.JPG
D:/RU/Veiltrace/img/sketch/46803931_2199767150238829_3334122265083117568_n.jpg
D:/RU/Veiltrace/img/sketch/494129264_3932226003659593_457658274872483895_n.jpg
D:/RU/Veiltrace/img/system/49732746_2225156647699879_7765319807678808064_n.jpg
D:/RU/Veiltrace/img/system/56606358_2278721132343430_12722951556169728_n.jpg
